# JRE version: OpenJDK Runtime Environment (21.0.5) (build 21.0.5+-13047016-b750.29)
# Java VM: OpenJDK 64-Bit Server VM (21.0.5+-13047016-b750.29, mixed mode, tiered, compressed oops, compressed class ptrs, g1 gc, windows-amd64)
GC Precious Log:
 CardTable entry size: 512
 Card Set container configuration: InlinePtr #cards 5 size 8 Array Of Cards #cards 12 size 40 Howl #buckets 4 coarsen threshold 1843 Howl Bitmap #cards 512 size 80 coarsen threshold 460 Card regions per heap region 1 cards per card region 2048
 CPUs: 8 total, 8 available
 Memory: 7952M
 Large Page Support: Disabled
 NUMA Support: Disabled
 Compressed Oops: Enabled (32-bit)
 Heap Region Size: 1M
 Heap Min Capacity: 8M
 Heap Initial Capacity: 126M
 Heap Max Capacity: 1990M
 Pre-touch: Disabled
 Parallel Workers: 8
 Concurrent Workers: 2
 Concurrent Refinement Workers: 8
 Periodic GC: Disabled
Heap:
 garbage-first heap   total 46080K, used 33602K [0x0000000083a00000, 0x0000000100000000)
  region size 1024K, 2 young (2048K), 2 survivors (2048K)
 Metaspace       used 47797K, committed 48128K, reserved 1114112K
  class space    used 5483K, committed 5632K, reserved 1048576K
GC Heap History (20 events):
Event: 2.425 GC heap after
{Heap after GC invocations=5 (full 0):
 garbage-first heap   total 34816K, used 14296K [0x0000000083a00000, 0x0000000100000000)
  region size 1024K, 2 young (2048K), 2 survivors (2048K)
 Metaspace       used 27668K, committed 27904K, reserved 1114112K
  class space    used 2959K, committed 3072K, reserved 1048576K
}
Event: 2.773 GC heap before
{Heap before GC invocations=5 (full 0):
 garbage-first heap   total 34816K, used 26584K [0x0000000083a00000, 0x0000000100000000)
  region size 1024K, 14 young (14336K), 2 survivors (2048K)
 Metaspace       used 32048K, committed 32320K, reserved 1114112K
  class space    used 3906K, committed 4032K, reserved 1048576K
}
Event: 2.776 GC heap after
{Heap after GC invocations=6 (full 0):
 garbage-first heap   total 34816K, used 14383K [0x0000000083a00000, 0x0000000100000000)
  region size 1024K, 2 young (2048K), 2 survivors (2048K)
 Metaspace       used 32048K, committed 32320K, reserved 1114112K
  class space    used 3906K, committed 4032K, reserved 1048576K
}
Event: 3.080 GC heap before
{Heap before GC invocations=6 (full 0):
 garbage-first heap   total 34816K, used 25647K [0x0000000083a00000, 0x0000000100000000)
  region size 1024K, 14 young (14336K), 2 survivors (2048K)
 Metaspace       used 34599K, committed 34816K, reserved 1114112K
  class space    used 4174K, committed 4288K, reserved 1048576K
}
Event: 3.085 GC heap after
{Heap after GC invocations=7 (full 0):
 garbage-first heap   total 34816K, used 15767K [0x0000000083a00000, 0x0000000100000000)
  region size 1024K, 2 young (2048K), 2 survivors (2048K)
 Metaspace       used 34599K, committed 34816K, reserved 1114112K
  class space    used 4174K, committed 4288K, reserved 1048576K
}
Event: 3.174 GC heap before
{Heap before GC invocations=7 (full 0):
 garbage-first heap   total 34816K, used 20887K [0x0000000083a00000, 0x0000000100000000)
  region size 1024K, 8 young (8192K), 2 survivors (2048K)
 Metaspace       used 35775K, committed 35968K, reserved 1114112K
  class space    used 4282K, committed 4352K, reserved 1048576K
}
Event: 3.178 GC heap after
{Heap after GC invocations=8 (full 0):
 garbage-first heap   total 34816K, used 16048K [0x0000000083a00000, 0x0000000100000000)
  region size 1024K, 1 young (1024K), 1 survivors (1024K)
 Metaspace       used 35775K, committed 35968K, reserved 1114112K
  class space    used 4282K, committed 4352K, reserved 1048576K
}
Event: 3.414 GC heap before
{Heap before GC invocations=9 (full 0):
 garbage-first heap   total 34816K, used 27312K [0x0000000083a00000, 0x0000000100000000)
  region size 1024K, 13 young (13312K), 1 survivors (1024K)
 Metaspace       used 39016K, committed 39232K, reserved 1114112K
  class space    used 4604K, committed 4672K, reserved 1048576K
}
Event: 3.416 GC heap after
{Heap after GC invocations=10 (full 0):
 garbage-first heap   total 34816K, used 16439K [0x0000000083a00000, 0x0000000100000000)
  region size 1024K, 1 young (1024K), 1 survivors (1024K)
 Metaspace       used 39016K, committed 39232K, reserved 1114112K
  class space    used 4604K, committed 4672K, reserved 1048576K
}
Event: 3.671 GC heap before
{Heap before GC invocations=10 (full 0):
 garbage-first heap   total 34816K, used 27703K [0x0000000083a00000, 0x0000000100000000)
  region size 1024K, 13 young (13312K), 1 survivors (1024K)
 Metaspace       used 42439K, committed 42688K, reserved 1114112K
  class space    used 4942K, committed 5056K, reserved 1048576K
}
Event: 3.676 GC heap after
{Heap after GC invocations=11 (full 0):
 garbage-first heap   total 41984K, used 16971K [0x0000000083a00000, 0x0000000100000000)
  region size 1024K, 2 young (2048K), 2 survivors (2048K)
 Metaspace       used 42439K, committed 42688K, reserved 1114112K
  class space    used 4942K, committed 5056K, reserved 1048576K
}
Event: 4.046 GC heap before
{Heap before GC invocations=11 (full 0):
 garbage-first heap   total 41984K, used 33355K [0x0000000083a00000, 0x0000000100000000)
  region size 1024K, 19 young (19456K), 2 survivors (2048K)
 Metaspace       used 46455K, committed 46720K, reserved 1114112K
  class space    used 5362K, committed 5504K, reserved 1048576K
}
Event: 4.051 GC heap after
{Heap after GC invocations=12 (full 0):
 garbage-first heap   total 41984K, used 18380K [0x0000000083a00000, 0x0000000100000000)
  region size 1024K, 3 young (3072K), 3 survivors (3072K)
 Metaspace       used 46455K, committed 46720K, reserved 1114112K
  class space    used 5362K, committed 5504K, reserved 1048576K
}
Event: 4.270 GC heap before
{Heap before GC invocations=12 (full 0):
 garbage-first heap   total 41984K, used 34764K [0x0000000083a00000, 0x0000000100000000)
  region size 1024K, 19 young (19456K), 3 survivors (3072K)
 Metaspace       used 47471K, committed 47680K, reserved 1114112K
  class space    used 5451K, committed 5568K, reserved 1048576K
}
Event: 4.281 GC heap after
{Heap after GC invocations=13 (full 0):
 garbage-first heap   total 43008K, used 23482K [0x0000000083a00000, 0x0000000100000000)
  region size 1024K, 3 young (3072K), 3 survivors (3072K)
 Metaspace       used 47471K, committed 47680K, reserved 1114112K
  class space    used 5451K, committed 5568K, reserved 1048576K
}
Event: 4.326 GC heap before
{Heap before GC invocations=13 (full 0):
 garbage-first heap   total 43008K, used 29626K [0x0000000083a00000, 0x0000000100000000)
  region size 1024K, 10 young (10240K), 3 survivors (3072K)
 Metaspace       used 47753K, committed 48064K, reserved 1114112K
  class space    used 5482K, committed 5632K, reserved 1048576K
}
Event: 4.336 GC heap after
{Heap after GC invocations=14 (full 0):
 garbage-first heap   total 43008K, used 25890K [0x0000000083a00000, 0x0000000100000000)
  region size 1024K, 2 young (2048K), 2 survivors (2048K)
 Metaspace       used 47753K, committed 48064K, reserved 1114112K
  class space    used 5482K, committed 5632K, reserved 1048576K
}
Event: 4.371 GC heap before
{Heap before GC invocations=15 (full 0):
 garbage-first heap   total 46080K, used 36130K [0x0000000083a00000, 0x0000000100000000)
  region size 1024K, 11 young (11264K), 2 survivors (2048K)
 Metaspace       used 47779K, committed 48128K, reserved 1114112K
  class space    used 5482K, committed 5632K, reserved 1048576K
}
Event: 4.377 GC heap after
{Heap after GC invocations=16 (full 0):
 garbage-first heap   total 46080K, used 30300K [0x0000000083a00000, 0x0000000100000000)
  region size 1024K, 2 young (2048K), 2 survivors (2048K)
 Metaspace       used 47779K, committed 48128K, reserved 1114112K
  class space    used 5482K, committed 5632K, reserved 1048576K
}
Event: 4.402 GC heap before
{Heap before GC invocations=16 (full 0):
 garbage-first heap   total 46080K, used 37468K [0x0000000083a00000, 0x0000000100000000)
  region size 1024K, 10 young (10240K), 2 survivors (2048K)
 Metaspace       used 47797K, committed 48128K, reserved 1114112K
  class space    used 5483K, committed 5632K, reserved 1048576K
}

