# JRE version: OpenJDK Runtime Environment (21.0.5) (build 21.0.5+-13047016-b750.29)
# Java VM: OpenJDK 64-Bit Server VM (21.0.5+-13047016-b750.29, mixed mode, tiered, compressed oops, compressed class ptrs, g1 gc, windows-amd64)
GC Precious Log:
 CardTable entry size: 512
 Card Set container configuration: InlinePtr #cards 5 size 8 Array Of Cards #cards 12 size 40 Howl #buckets 4 coarsen threshold 1843 Howl Bitmap #cards 512 size 80 coarsen threshold 460 Card regions per heap region 1 cards per card region 2048
 CPUs: 8 total, 8 available
 Memory: 7952M
 Large Page Support: Disabled
 NUMA Support: Disabled
 Compressed Oops: Enabled (32-bit)
 Heap Region Size: 1M
 Heap Min Capacity: 8M
 Heap Initial Capacity: 126M
 Heap Max Capacity: 1990M
 Pre-touch: Disabled
 Parallel Workers: 8
 Concurrent Workers: 2
 Concurrent Refinement Workers: 8
 Periodic GC: Disabled
Heap:
 garbage-first heap   total 153600K, used 118200K [0x0000000083a00000, 0x0000000100000000)
  region size 1024K, 46 young (47104K), 7 survivors (7168K)
 Metaspace       used 71332K, committed 71680K, reserved 1114112K
  class space    used 7657K, committed 7808K, reserved 1048576K
GC Heap History (20 events):
Event: 3.004 GC heap before
{Heap before GC invocations=12 (full 0):
 garbage-first heap   total 41984K, used 33531K [0x0000000083a00000, 0x0000000100000000)
  region size 1024K, 16 young (16384K), 3 survivors (3072K)
 Metaspace       used 47675K, committed 47936K, reserved 1114112K
  class space    used 5482K, committed 5632K, reserved 1048576K
}
Event: 3.018 GC heap after
{Heap after GC invocations=13 (full 0):
 garbage-first heap   total 52224K, used 26282K [0x0000000083a00000, 0x0000000100000000)
  region size 1024K, 3 young (3072K), 3 survivors (3072K)
 Metaspace       used 47675K, committed 47936K, reserved 1114112K
  class space    used 5482K, committed 5632K, reserved 1048576K
}
Event: 3.084 GC heap before
{Heap before GC invocations=14 (full 0):
 garbage-first heap   total 52224K, used 42666K [0x0000000083a00000, 0x0000000100000000)
  region size 1024K, 18 young (18432K), 3 survivors (3072K)
 Metaspace       used 47728K, committed 48064K, reserved 1114112K
  class space    used 5482K, committed 5632K, reserved 1048576K
}
Event: 3.096 GC heap after
{Heap after GC invocations=15 (full 0):
 garbage-first heap   total 52224K, used 33208K [0x0000000083a00000, 0x0000000100000000)
  region size 1024K, 3 young (3072K), 3 survivors (3072K)
 Metaspace       used 47728K, committed 48064K, reserved 1114112K
  class space    used 5482K, committed 5632K, reserved 1048576K
}
Event: 3.217 GC heap before
{Heap before GC invocations=15 (full 0):
 garbage-first heap   total 52224K, used 42424K [0x0000000083a00000, 0x0000000100000000)
  region size 1024K, 12 young (12288K), 3 survivors (3072K)
 Metaspace       used 48537K, committed 48832K, reserved 1114112K
  class space    used 5580K, committed 5760K, reserved 1048576K
}
Event: 3.232 GC heap after
{Heap after GC invocations=16 (full 0):
 garbage-first heap   total 52224K, used 35256K [0x0000000083a00000, 0x0000000100000000)
  region size 1024K, 2 young (2048K), 2 survivors (2048K)
 Metaspace       used 48537K, committed 48832K, reserved 1114112K
  class space    used 5580K, committed 5760K, reserved 1048576K
}
Event: 3.352 GC heap before
{Heap before GC invocations=16 (full 0):
 garbage-first heap   total 52224K, used 42424K [0x0000000083a00000, 0x0000000100000000)
  region size 1024K, 10 young (10240K), 2 survivors (2048K)
 Metaspace       used 50224K, committed 50560K, reserved 1114112K
  class space    used 5753K, committed 5888K, reserved 1048576K
}
Event: 3.356 GC heap after
{Heap after GC invocations=17 (full 0):
 garbage-first heap   total 52224K, used 36792K [0x0000000083a00000, 0x0000000100000000)
  region size 1024K, 1 young (1024K), 1 survivors (1024K)
 Metaspace       used 50224K, committed 50560K, reserved 1114112K
  class space    used 5753K, committed 5888K, reserved 1048576K
}
Event: 3.404 GC heap before
{Heap before GC invocations=18 (full 0):
 garbage-first heap   total 61440K, used 44984K [0x0000000083a00000, 0x0000000100000000)
  region size 1024K, 9 young (9216K), 1 survivors (1024K)
 Metaspace       used 50283K, committed 50560K, reserved 1114112K
  class space    used 5756K, committed 5888K, reserved 1048576K
}
Event: 3.410 GC heap after
{Heap after GC invocations=19 (full 0):
 garbage-first heap   total 61440K, used 39680K [0x0000000083a00000, 0x0000000100000000)
  region size 1024K, 2 young (2048K), 2 survivors (2048K)
 Metaspace       used 50283K, committed 50560K, reserved 1114112K
  class space    used 5756K, committed 5888K, reserved 1048576K
}
Event: 3.623 GC heap before
{Heap before GC invocations=19 (full 0):
 garbage-first heap   total 61440K, used 49920K [0x0000000083a00000, 0x0000000100000000)
  region size 1024K, 13 young (13312K), 2 survivors (2048K)
 Metaspace       used 52301K, committed 52608K, reserved 1114112K
  class space    used 6002K, committed 6144K, reserved 1048576K
}
Event: 3.630 GC heap after
{Heap after GC invocations=20 (full 0):
 garbage-first heap   total 61440K, used 41483K [0x0000000083a00000, 0x0000000100000000)
  region size 1024K, 2 young (2048K), 2 survivors (2048K)
 Metaspace       used 52301K, committed 52608K, reserved 1114112K
  class space    used 6002K, committed 6144K, reserved 1048576K
}
Event: 3.828 GC heap before
{Heap before GC invocations=20 (full 0):
 garbage-first heap   total 61440K, used 52747K [0x0000000083a00000, 0x0000000100000000)
  region size 1024K, 13 young (13312K), 2 survivors (2048K)
 Metaspace       used 53247K, committed 53568K, reserved 1114112K
  class space    used 6109K, committed 6272K, reserved 1048576K
}
Event: 3.836 GC heap after
{Heap after GC invocations=21 (full 0):
 garbage-first heap   total 184320K, used 44434K [0x0000000083a00000, 0x0000000100000000)
  region size 1024K, 2 young (2048K), 2 survivors (2048K)
 Metaspace       used 53247K, committed 53568K, reserved 1114112K
  class space    used 6109K, committed 6272K, reserved 1048576K
}
Event: 5.090 GC heap before
{Heap before GC invocations=22 (full 0):
 garbage-first heap   total 150528K, used 130450K [0x0000000083a00000, 0x0000000100000000)
  region size 1024K, 87 young (89088K), 2 survivors (2048K)
 Metaspace       used 57575K, committed 57856K, reserved 1114112K
  class space    used 6462K, committed 6592K, reserved 1048576K
}
Event: 5.120 GC heap after
{Heap after GC invocations=23 (full 0):
 garbage-first heap   total 153600K, used 63185K [0x0000000083a00000, 0x0000000100000000)
  region size 1024K, 11 young (11264K), 11 survivors (11264K)
 Metaspace       used 57575K, committed 57856K, reserved 1114112K
  class space    used 6462K, committed 6592K, reserved 1048576K
}
Event: 5.853 GC heap before
{Heap before GC invocations=23 (full 0):
 garbage-first heap   total 153600K, used 111313K [0x0000000083a00000, 0x0000000100000000)
  region size 1024K, 59 young (60416K), 11 survivors (11264K)
 Metaspace       used 64068K, committed 64384K, reserved 1114112K
  class space    used 7068K, committed 7232K, reserved 1048576K
}
Event: 5.869 GC heap after
{Heap after GC invocations=24 (full 0):
 garbage-first heap   total 153600K, used 70072K [0x0000000083a00000, 0x0000000100000000)
  region size 1024K, 7 young (7168K), 7 survivors (7168K)
 Metaspace       used 64068K, committed 64384K, reserved 1114112K
  class space    used 7068K, committed 7232K, reserved 1048576K
}
Event: 6.334 GC heap before
{Heap before GC invocations=24 (full 0):
 garbage-first heap   total 153600K, used 119224K [0x0000000083a00000, 0x0000000100000000)
  region size 1024K, 55 young (56320K), 7 survivors (7168K)
 Metaspace       used 65016K, committed 65344K, reserved 1114112K
  class space    used 7101K, committed 7232K, reserved 1048576K
}
Event: 6.356 GC heap after
{Heap after GC invocations=25 (full 0):
 garbage-first heap   total 153600K, used 80312K [0x0000000083a00000, 0x0000000100000000)
  region size 1024K, 7 young (7168K), 7 survivors (7168K)
 Metaspace       used 65016K, committed 65344K, reserved 1114112K
  class space    used 7101K, committed 7232K, reserved 1048576K
}

