# JRE version: OpenJDK Runtime Environment (21.0.5) (build 21.0.5+-13047016-b750.29)
# Java VM: OpenJDK 64-Bit Server VM (21.0.5+-13047016-b750.29, mixed mode, tiered, compressed oops, compressed class ptrs, g1 gc, windows-amd64)
GC Precious Log:
 CardTable entry size: 512
 Card Set container configuration: InlinePtr #cards 5 size 8 Array Of Cards #cards 12 size 40 Howl #buckets 4 coarsen threshold 1843 Howl Bitmap #cards 512 size 80 coarsen threshold 460 Card regions per heap region 1 cards per card region 2048
 CPUs: 8 total, 8 available
 Memory: 7952M
 Large Page Support: Disabled
 NUMA Support: Disabled
 Compressed Oops: Enabled (32-bit)
 Heap Region Size: 1M
 Heap Min Capacity: 8M
 Heap Initial Capacity: 126M
 Heap Max Capacity: 1990M
 Pre-touch: Disabled
 Parallel Workers: 8
 Concurrent Workers: 2
 Concurrent Refinement Workers: 8
 Periodic GC: Disabled
Heap:
 garbage-first heap   total 133120K, used 85397K [0x0000000083a00000, 0x0000000100000000)
  region size 1024K, 4 young (4096K), 4 survivors (4096K)
 Metaspace       used 73648K, committed 74048K, reserved 1179648K
  class space    used 7847K, committed 8000K, reserved 1048576K
GC Heap History (20 events):
Event: 3.494 GC heap after
{Heap after GC invocations=16 (full 0):
 garbage-first heap   total 52224K, used 35784K [0x0000000083a00000, 0x0000000100000000)
  region size 1024K, 2 young (2048K), 2 survivors (2048K)
 Metaspace       used 48606K, committed 48896K, reserved 1114112K
  class space    used 5578K, committed 5760K, reserved 1048576K
}
Event: 3.630 GC heap before
{Heap before GC invocations=16 (full 0):
 garbage-first heap   total 52224K, used 42952K [0x0000000083a00000, 0x0000000100000000)
  region size 1024K, 10 young (10240K), 2 survivors (2048K)
 Metaspace       used 50327K, committed 50624K, reserved 1114112K
  class space    used 5751K, committed 5888K, reserved 1048576K
}
Event: 3.637 GC heap after
{Heap after GC invocations=17 (full 0):
 garbage-first heap   total 52224K, used 36826K [0x0000000083a00000, 0x0000000100000000)
  region size 1024K, 1 young (1024K), 1 survivors (1024K)
 Metaspace       used 50327K, committed 50624K, reserved 1114112K
  class space    used 5751K, committed 5888K, reserved 1048576K
}
Event: 3.723 GC heap before
{Heap before GC invocations=18 (full 0):
 garbage-first heap   total 61440K, used 45018K [0x0000000083a00000, 0x0000000100000000)
  region size 1024K, 9 young (9216K), 1 survivors (1024K)
 Metaspace       used 50394K, committed 50688K, reserved 1114112K
  class space    used 5753K, committed 5888K, reserved 1048576K
}
Event: 3.730 GC heap after
{Heap after GC invocations=19 (full 0):
 garbage-first heap   total 61440K, used 39634K [0x0000000083a00000, 0x0000000100000000)
  region size 1024K, 2 young (2048K), 2 survivors (2048K)
 Metaspace       used 50394K, committed 50688K, reserved 1114112K
  class space    used 5753K, committed 5888K, reserved 1048576K
}
Event: 4.048 GC heap before
{Heap before GC invocations=19 (full 0):
 garbage-first heap   total 61440K, used 49874K [0x0000000083a00000, 0x0000000100000000)
  region size 1024K, 13 young (13312K), 2 survivors (2048K)
 Metaspace       used 52402K, committed 52736K, reserved 1114112K
  class space    used 6000K, committed 6144K, reserved 1048576K
}
Event: 4.058 GC heap after
{Heap after GC invocations=20 (full 0):
 garbage-first heap   total 61440K, used 41160K [0x0000000083a00000, 0x0000000100000000)
  region size 1024K, 2 young (2048K), 2 survivors (2048K)
 Metaspace       used 52402K, committed 52736K, reserved 1114112K
  class space    used 6000K, committed 6144K, reserved 1048576K
}
Event: 4.285 GC heap before
{Heap before GC invocations=20 (full 0):
 garbage-first heap   total 61440K, used 52424K [0x0000000083a00000, 0x0000000100000000)
  region size 1024K, 13 young (13312K), 2 survivors (2048K)
 Metaspace       used 53299K, committed 53632K, reserved 1114112K
  class space    used 6108K, committed 6272K, reserved 1048576K
}
Event: 4.294 GC heap after
{Heap after GC invocations=21 (full 0):
 garbage-first heap   total 133120K, used 44032K [0x0000000083a00000, 0x0000000100000000)
  region size 1024K, 2 young (2048K), 2 survivors (2048K)
 Metaspace       used 53299K, committed 53632K, reserved 1114112K
  class space    used 6108K, committed 6272K, reserved 1048576K
}
Event: 5.200 GC heap before
{Heap before GC invocations=22 (full 0):
 garbage-first heap   total 133120K, used 95232K [0x0000000083a00000, 0x0000000100000000)
  region size 1024K, 53 young (54272K), 2 survivors (2048K)
 Metaspace       used 57383K, committed 57664K, reserved 1114112K
  class space    used 6461K, committed 6592K, reserved 1048576K
}
Event: 5.225 GC heap after
{Heap after GC invocations=23 (full 0):
 garbage-first heap   total 133120K, used 54207K [0x0000000083a00000, 0x0000000100000000)
  region size 1024K, 7 young (7168K), 7 survivors (7168K)
 Metaspace       used 57383K, committed 57664K, reserved 1114112K
  class space    used 6461K, committed 6592K, reserved 1048576K
}
Event: 5.762 GC heap before
{Heap before GC invocations=23 (full 0):
 garbage-first heap   total 133120K, used 98239K [0x0000000083a00000, 0x0000000100000000)
  region size 1024K, 50 young (51200K), 7 survivors (7168K)
 Metaspace       used 57811K, committed 58112K, reserved 1114112K
  class space    used 6463K, committed 6592K, reserved 1048576K
}
Event: 5.786 GC heap after
{Heap after GC invocations=24 (full 0):
 garbage-first heap   total 133120K, used 64000K [0x0000000083a00000, 0x0000000100000000)
  region size 1024K, 7 young (7168K), 7 survivors (7168K)
 Metaspace       used 57811K, committed 58112K, reserved 1114112K
  class space    used 6463K, committed 6592K, reserved 1048576K
}
Event: 6.389 GC heap before
{Heap before GC invocations=24 (full 0):
 garbage-first heap   total 133120K, used 102912K [0x0000000083a00000, 0x0000000100000000)
  region size 1024K, 46 young (47104K), 7 survivors (7168K)
 Metaspace       used 64263K, committed 64576K, reserved 1114112K
  class space    used 7066K, committed 7232K, reserved 1048576K
}
Event: 6.402 GC heap after
{Heap after GC invocations=25 (full 0):
 garbage-first heap   total 133120K, used 70600K [0x0000000083a00000, 0x0000000100000000)
  region size 1024K, 6 young (6144K), 6 survivors (6144K)
 Metaspace       used 64263K, committed 64576K, reserved 1114112K
  class space    used 7066K, committed 7232K, reserved 1048576K
}
Event: 6.917 GC heap before
{Heap before GC invocations=26 (full 0):
 garbage-first heap   total 133120K, used 108488K [0x0000000083a00000, 0x0000000100000000)
  region size 1024K, 44 young (45056K), 6 survivors (6144K)
 Metaspace       used 64928K, committed 65280K, reserved 1114112K
  class space    used 7088K, committed 7232K, reserved 1048576K
}
Event: 6.934 GC heap after
{Heap after GC invocations=27 (full 0):
 garbage-first heap   total 133120K, used 78325K [0x0000000083a00000, 0x0000000100000000)
  region size 1024K, 6 young (6144K), 6 survivors (6144K)
 Metaspace       used 64928K, committed 65280K, reserved 1114112K
  class space    used 7088K, committed 7232K, reserved 1048576K
}
Event: 7.441 GC heap before
{Heap before GC invocations=27 (full 0):
 garbage-first heap   total 133120K, used 112117K [0x0000000083a00000, 0x0000000100000000)
  region size 1024K, 39 young (39936K), 6 survivors (6144K)
 Metaspace       used 68478K, committed 68800K, reserved 1114112K
  class space    used 7401K, committed 7552K, reserved 1048576K
}
Event: 7.451 GC heap after
{Heap after GC invocations=28 (full 0):
 garbage-first heap   total 133120K, used 81810K [0x0000000083a00000, 0x0000000100000000)
  region size 1024K, 4 young (4096K), 4 survivors (4096K)
 Metaspace       used 68478K, committed 68800K, reserved 1114112K
  class space    used 7401K, committed 7552K, reserved 1048576K
}
Event: 8.510 GC heap before
{Heap before GC invocations=28 (full 0):
 garbage-first heap   total 133120K, used 114578K [0x0000000083a00000, 0x0000000100000000)
  region size 1024K, 36 young (36864K), 4 survivors (4096K)
 Metaspace       used 73648K, committed 74048K, reserved 1179648K
  class space    used 7847K, committed 8000K, reserved 1048576K
}

