# JRE version: OpenJDK Runtime Environment (21.0.5) (build 21.0.5+-13047016-b750.29)
# Java VM: OpenJDK 64-Bit Server VM (21.0.5+-13047016-b750.29, mixed mode, tiered, compressed oops, compressed class ptrs, g1 gc, windows-amd64)
GC Precious Log:
 CardTable entry size: 512
 Card Set container configuration: InlinePtr #cards 5 size 8 Array Of Cards #cards 12 size 40 Howl #buckets 4 coarsen threshold 1843 Howl Bitmap #cards 512 size 80 coarsen threshold 460 Card regions per heap region 1 cards per card region 2048
 CPUs: 8 total, 8 available
 Memory: 7952M
 Large Page Support: Disabled
 NUMA Support: Disabled
 Compressed Oops: Enabled (32-bit)
 Heap Region Size: 1M
 Heap Min Capacity: 8M
 Heap Initial Capacity: 126M
 Heap Max Capacity: 1990M
 Pre-touch: Disabled
 Parallel Workers: 8
 Concurrent Workers: 2
 Concurrent Refinement Workers: 8
 Periodic GC: Disabled
Heap:
 garbage-first heap   total 184320K, used 80306K [0x0000000083a00000, 0x0000000100000000)
  region size 1024K, 22 young (22528K), 4 survivors (4096K)
 Metaspace       used 57830K, committed 58112K, reserved 1114112K
  class space    used 6468K, committed 6592K, reserved 1048576K
GC Heap History (20 events):
Event: 2.607 GC heap before
{Heap before GC invocations=10 (full 0):
 garbage-first heap   total 44032K, used 34638K [0x0000000083a00000, 0x0000000100000000)
  region size 1024K, 20 young (20480K), 2 survivors (2048K)
 Metaspace       used 45555K, committed 45888K, reserved 1114112K
  class space    used 5272K, committed 5440K, reserved 1048576K
}
Event: 2.613 GC heap after
{Heap after GC invocations=11 (full 0):
 garbage-first heap   total 44032K, used 18181K [0x0000000083a00000, 0x0000000100000000)
  region size 1024K, 3 young (3072K), 3 survivors (3072K)
 Metaspace       used 45555K, committed 45888K, reserved 1114112K
  class space    used 5272K, committed 5440K, reserved 1048576K
}
Event: 2.870 GC heap before
{Heap before GC invocations=11 (full 0):
 garbage-first heap   total 44032K, used 36613K [0x0000000083a00000, 0x0000000100000000)
  region size 1024K, 21 young (21504K), 3 survivors (3072K)
 Metaspace       used 47345K, committed 47616K, reserved 1114112K
  class space    used 5440K, committed 5568K, reserved 1048576K
}
Event: 2.880 GC heap after
{Heap after GC invocations=12 (full 0):
 garbage-first heap   total 45056K, used 22862K [0x0000000083a00000, 0x0000000100000000)
  region size 1024K, 3 young (3072K), 3 survivors (3072K)
 Metaspace       used 47345K, committed 47616K, reserved 1114112K
  class space    used 5440K, committed 5568K, reserved 1048576K
}
Event: 2.952 GC heap before
{Heap before GC invocations=12 (full 0):
 garbage-first heap   total 45056K, used 31054K [0x0000000083a00000, 0x0000000100000000)
  region size 1024K, 12 young (12288K), 3 survivors (3072K)
 Metaspace       used 47758K, committed 48064K, reserved 1114112K
  class space    used 5482K, committed 5632K, reserved 1048576K
}
Event: 2.966 GC heap after
{Heap after GC invocations=13 (full 0):
 garbage-first heap   total 45056K, used 26385K [0x0000000083a00000, 0x0000000100000000)
  region size 1024K, 2 young (2048K), 2 survivors (2048K)
 Metaspace       used 47758K, committed 48064K, reserved 1114112K
  class space    used 5482K, committed 5632K, reserved 1048576K
}
Event: 3.012 GC heap before
{Heap before GC invocations=14 (full 0):
 garbage-first heap   total 46080K, used 37649K [0x0000000083a00000, 0x0000000100000000)
  region size 1024K, 12 young (12288K), 2 survivors (2048K)
 Metaspace       used 47785K, committed 48128K, reserved 1114112K
  class space    used 5483K, committed 5632K, reserved 1048576K
}
Event: 3.019 GC heap after
{Heap after GC invocations=15 (full 0):
 garbage-first heap   total 46080K, used 31453K [0x0000000083a00000, 0x0000000100000000)
  region size 1024K, 2 young (2048K), 2 survivors (2048K)
 Metaspace       used 47785K, committed 48128K, reserved 1114112K
  class space    used 5483K, committed 5632K, reserved 1048576K
}
Event: 3.041 GC heap before
{Heap before GC invocations=15 (full 0):
 garbage-first heap   total 46080K, used 37597K [0x0000000083a00000, 0x0000000100000000)
  region size 1024K, 9 young (9216K), 2 survivors (2048K)
 Metaspace       used 47797K, committed 48128K, reserved 1114112K
  class space    used 5483K, committed 5632K, reserved 1048576K
}
Event: 3.050 GC heap after
{Heap after GC invocations=16 (full 0):
 garbage-first heap   total 92160K, used 34481K [0x0000000083a00000, 0x0000000100000000)
  region size 1024K, 2 young (2048K), 2 survivors (2048K)
 Metaspace       used 47797K, committed 48128K, reserved 1114112K
  class space    used 5483K, committed 5632K, reserved 1048576K
}
Event: 3.618 GC heap before
{Heap before GC invocations=16 (full 0):
 garbage-first heap   total 92160K, used 67249K [0x0000000083a00000, 0x0000000100000000)
  region size 1024K, 35 young (35840K), 2 survivors (2048K)
 Metaspace       used 52314K, committed 52608K, reserved 1114112K
  class space    used 5988K, committed 6144K, reserved 1048576K
}
Event: 3.632 GC heap after
{Heap after GC invocations=17 (full 0):
 garbage-first heap   total 92160K, used 41267K [0x0000000083a00000, 0x0000000100000000)
  region size 1024K, 5 young (5120K), 5 survivors (5120K)
 Metaspace       used 52314K, committed 52608K, reserved 1114112K
  class space    used 5988K, committed 6144K, reserved 1048576K
}
Event: 4.154 GC heap before
{Heap before GC invocations=17 (full 0):
 garbage-first heap   total 92160K, used 69939K [0x0000000083a00000, 0x0000000100000000)
  region size 1024K, 33 young (33792K), 5 survivors (5120K)
 Metaspace       used 53798K, committed 54144K, reserved 1114112K
  class space    used 6129K, committed 6272K, reserved 1048576K
}
Event: 4.174 GC heap after
{Heap after GC invocations=18 (full 0):
 garbage-first heap   total 92160K, used 48603K [0x0000000083a00000, 0x0000000100000000)
  region size 1024K, 5 young (5120K), 5 survivors (5120K)
 Metaspace       used 53798K, committed 54144K, reserved 1114112K
  class space    used 6129K, committed 6272K, reserved 1048576K
}
Event: 4.650 GC heap before
{Heap before GC invocations=18 (full 0):
 garbage-first heap   total 92160K, used 73179K [0x0000000083a00000, 0x0000000100000000)
  region size 1024K, 29 young (29696K), 5 survivors (5120K)
 Metaspace       used 57172K, committed 57472K, reserved 1114112K
  class space    used 6442K, committed 6592K, reserved 1048576K
}
Event: 4.666 GC heap after
{Heap after GC invocations=19 (full 0):
 garbage-first heap   total 92160K, used 53157K [0x0000000083a00000, 0x0000000100000000)
  region size 1024K, 4 young (4096K), 4 survivors (4096K)
 Metaspace       used 57172K, committed 57472K, reserved 1114112K
  class space    used 6442K, committed 6592K, reserved 1048576K
}
Event: 4.924 GC heap before
{Heap before GC invocations=20 (full 0):
 garbage-first heap   total 92160K, used 74661K [0x0000000083a00000, 0x0000000100000000)
  region size 1024K, 27 young (27648K), 4 survivors (4096K)
 Metaspace       used 57648K, committed 57920K, reserved 1114112K
  class space    used 6464K, committed 6592K, reserved 1048576K
}
Event: 4.937 GC heap after
{Heap after GC invocations=21 (full 0):
 garbage-first heap   total 92160K, used 57307K [0x0000000083a00000, 0x0000000100000000)
  region size 1024K, 4 young (4096K), 4 survivors (4096K)
 Metaspace       used 57648K, committed 57920K, reserved 1114112K
  class space    used 6464K, committed 6592K, reserved 1048576K
}
Event: 5.106 GC heap before
{Heap before GC invocations=21 (full 0):
 garbage-first heap   total 92160K, used 78811K [0x0000000083a00000, 0x0000000100000000)
  region size 1024K, 25 young (25600K), 4 survivors (4096K)
 Metaspace       used 57731K, committed 57984K, reserved 1114112K
  class space    used 6464K, committed 6592K, reserved 1048576K
}
Event: 5.167 GC heap after
{Heap after GC invocations=22 (full 0):
 garbage-first heap   total 184320K, used 62898K [0x0000000083a00000, 0x0000000100000000)
  region size 1024K, 4 young (4096K), 4 survivors (4096K)
 Metaspace       used 57731K, committed 57984K, reserved 1114112K
  class space    used 6464K, committed 6592K, reserved 1048576K
}

